<?xml version="1.0" encoding="UTF-8"?>
<!-- Generated by org.testng.reporters.JUnitReportReporter -->
<testsuite hostname="DESKTOP-MTGCL2P" failures="0" tests="2" name="runner.TestRunner" time="36.744" errors="0" timestamp="2024-12-10T14:13:00 GMT" skipped="0">
  <testcase classname="runner.TestRunner" name="runScenario" time="14.870"/>
  <system-out/>
  <testcase classname="runner.TestRunner" name="runScenario" time="21.874"/>
  <system-out/>
</testsuite> <!-- runner.TestRunner -->
